Performing C SOURCE FILE Test HAVE___DECLSPEC_DLLEXPORT_ failed with the following output:
Change Dir: /mnt/c/Users/trito/github/tnn-miner/external/sais-2.4.1/build/CMakeFiles/CMakeTmp

Run Build Command(s):/usr/bin/make cmTC_9a8c7/fast && /usr/bin/make -f CMakeFiles/cmTC_9a8c7.dir/build.make CMakeFiles/cmTC_9a8c7.dir/build
make[1]: Entering directory '/mnt/c/Users/trito/github/tnn-miner/external/sais-2.4.1/build/CMakeFiles/CMakeTmp'
Building C object CMakeFiles/cmTC_9a8c7.dir/src.c.o
/usr/bin/cc   -Wall -DHAVE___DECLSPEC_DLLEXPORT_   -o CMakeFiles/cmTC_9a8c7.dir/src.c.o   -c /mnt/c/Users/trito/github/tnn-miner/external/sais-2.4.1/build/CMakeFiles/CMakeTmp/src.c
/mnt/c/Users/trito/github/tnn-miner/external/sais-2.4.1/build/CMakeFiles/CMakeTmp/src.c:1:1: warning: return type defaults to ‘int’ [-Wimplicit-int]
    1 | __declspec(dllexport) void func(); void func() { } int main() { func(); return 0; }
      | ^~~~~~~~~~
/mnt/c/Users/trito/github/tnn-miner/external/sais-2.4.1/build/CMakeFiles/CMakeTmp/src.c: In function ‘__declspec’:
/mnt/c/Users/trito/github/tnn-miner/external/sais-2.4.1/build/CMakeFiles/CMakeTmp/src.c:1:48: error: expected ‘=’, ‘,’, ‘;’, ‘asm’ or ‘__attribute__’ before ‘{’ token
    1 | __declspec(dllexport) void func(); void func() { } int main() { func(); return 0; }
      |                                                ^
/mnt/c/Users/trito/github/tnn-miner/external/sais-2.4.1/build/CMakeFiles/CMakeTmp/src.c:1:63: error: expected ‘=’, ‘,’, ‘;’, ‘asm’ or ‘__attribute__’ before ‘{’ token
    1 | __declspec(dllexport) void func(); void func() { } int main() { func(); return 0; }
      |                                                               ^
/mnt/c/Users/trito/github/tnn-miner/external/sais-2.4.1/build/CMakeFiles/CMakeTmp/src.c:1:1: warning: type of ‘dllexport’ defaults to ‘int’ [-Wimplicit-int]
    1 | __declspec(dllexport) void func(); void func() { } int main() { func(); return 0; }
      | ^~~~~~~~~~
/mnt/c/Users/trito/github/tnn-miner/external/sais-2.4.1/build/CMakeFiles/CMakeTmp/src.c:1:28: error: declaration for parameter ‘func’ but no such parameter
    1 | __declspec(dllexport) void func(); void func() { } int main() { func(); return 0; }
      |                            ^~~~
/mnt/c/Users/trito/github/tnn-miner/external/sais-2.4.1/build/CMakeFiles/CMakeTmp/src.c:1: error: expected ‘{’ at end of input
    1 | __declspec(dllexport) void func(); void func() { } int main() { func(); return 0; }
      | 
/mnt/c/Users/trito/github/tnn-miner/external/sais-2.4.1/build/CMakeFiles/CMakeTmp/src.c:1: warning: control reaches end of non-void function [-Wreturn-type]
    1 | __declspec(dllexport) void func(); void func() { } int main() { func(); return 0; }
      | 
make[1]: *** [CMakeFiles/cmTC_9a8c7.dir/build.make:66: CMakeFiles/cmTC_9a8c7.dir/src.c.o] Error 1
make[1]: Leaving directory '/mnt/c/Users/trito/github/tnn-miner/external/sais-2.4.1/build/CMakeFiles/CMakeTmp'
make: *** [Makefile:121: cmTC_9a8c7/fast] Error 2


Source file was:
__declspec(dllexport) void func(); void func() { } int main() { func(); return 0; }
Performing C SOURCE FILE Test HAVE___DECLSPEC_DLLIMPORT_ failed with the following output:
Change Dir: /mnt/c/Users/trito/github/tnn-miner/external/sais-2.4.1/build/CMakeFiles/CMakeTmp

Run Build Command(s):/usr/bin/make cmTC_6fd08/fast && /usr/bin/make -f CMakeFiles/cmTC_6fd08.dir/build.make CMakeFiles/cmTC_6fd08.dir/build
make[1]: Entering directory '/mnt/c/Users/trito/github/tnn-miner/external/sais-2.4.1/build/CMakeFiles/CMakeTmp'
Building C object CMakeFiles/cmTC_6fd08.dir/src.c.o
/usr/bin/cc   -Wall -DHAVE___DECLSPEC_DLLIMPORT_   -o CMakeFiles/cmTC_6fd08.dir/src.c.o   -c /mnt/c/Users/trito/github/tnn-miner/external/sais-2.4.1/build/CMakeFiles/CMakeTmp/src.c
/mnt/c/Users/trito/github/tnn-miner/external/sais-2.4.1/build/CMakeFiles/CMakeTmp/src.c:1:1: warning: return type defaults to ‘int’ [-Wimplicit-int]
    1 | __declspec(dllimport) void func(); void func() { } int main() { func(); return 0; }
      | ^~~~~~~~~~
/mnt/c/Users/trito/github/tnn-miner/external/sais-2.4.1/build/CMakeFiles/CMakeTmp/src.c: In function ‘__declspec’:
/mnt/c/Users/trito/github/tnn-miner/external/sais-2.4.1/build/CMakeFiles/CMakeTmp/src.c:1:48: error: expected ‘=’, ‘,’, ‘;’, ‘asm’ or ‘__attribute__’ before ‘{’ token
    1 | __declspec(dllimport) void func(); void func() { } int main() { func(); return 0; }
      |                                                ^
/mnt/c/Users/trito/github/tnn-miner/external/sais-2.4.1/build/CMakeFiles/CMakeTmp/src.c:1:63: error: expected ‘=’, ‘,’, ‘;’, ‘asm’ or ‘__attribute__’ before ‘{’ token
    1 | __declspec(dllimport) void func(); void func() { } int main() { func(); return 0; }
      |                                                               ^
/mnt/c/Users/trito/github/tnn-miner/external/sais-2.4.1/build/CMakeFiles/CMakeTmp/src.c:1:1: warning: type of ‘dllimport’ defaults to ‘int’ [-Wimplicit-int]
    1 | __declspec(dllimport) void func(); void func() { } int main() { func(); return 0; }
      | ^~~~~~~~~~
/mnt/c/Users/trito/github/tnn-miner/external/sais-2.4.1/build/CMakeFiles/CMakeTmp/src.c:1:28: error: declaration for parameter ‘func’ but no such parameter
    1 | __declspec(dllimport) void func(); void func() { } int main() { func(); return 0; }
      |                            ^~~~
/mnt/c/Users/trito/github/tnn-miner/external/sais-2.4.1/build/CMakeFiles/CMakeTmp/src.c:1: error: expected ‘{’ at end of input
    1 | __declspec(dllimport) void func(); void func() { } int main() { func(); return 0; }
      | 
/mnt/c/Users/trito/github/tnn-miner/external/sais-2.4.1/build/CMakeFiles/CMakeTmp/src.c:1: warning: control reaches end of non-void function [-Wreturn-type]
    1 | __declspec(dllimport) void func(); void func() { } int main() { func(); return 0; }
      | 
make[1]: *** [CMakeFiles/cmTC_6fd08.dir/build.make:66: CMakeFiles/cmTC_6fd08.dir/src.c.o] Error 1
make[1]: Leaving directory '/mnt/c/Users/trito/github/tnn-miner/external/sais-2.4.1/build/CMakeFiles/CMakeTmp'
make: *** [Makefile:121: cmTC_6fd08/fast] Error 2


Source file was:
__declspec(dllimport) void func(); void func() { } int main() { func(); return 0; }
